TN:
SF:src\maths.js
FN:7,addition
FN:22,quotient
FNF:2
FNH:2
FNDA:4,addition
FNDA:4,quotient
DA:1,1
DA:2,1
DA:3,1
DA:4,1
DA:5,1
DA:6,1
DA:7,4
DA:8,4
DA:9,4
DA:10,1
DA:11,1
DA:12,3
DA:13,3
DA:14,3
DA:15,1
DA:16,1
DA:17,1
DA:18,1
DA:19,1
DA:20,1
DA:21,1
DA:22,4
DA:23,4
DA:24,4
DA:25,1
DA:26,1
DA:27,3
DA:28,4
DA:29,1
DA:30,1
DA:31,2
DA:32,2
DA:33,2
DA:34,2
DA:35,1
DA:36,1
DA:37,1
DA:38,1
DA:39,1
LF:39
LH:39
BRDA:7,0,0,4
BRDA:9,1,0,1
BRDA:11,2,0,3
BRDA:22,3,0,4
BRDA:24,4,0,1
BRDA:26,5,0,3
BRDA:28,6,0,2
BRDA:28,7,0,1
BRDA:30,8,0,2
BRF:9
BRH:9
end_of_record
TN:
SF:src\shop.js
FN:7,getUser
FN:32,getPhoneNumbers
FNF:2
FNH:2
FNDA:6,getUser
FNDA:1,getPhoneNumbers
DA:1,1
DA:2,1
DA:3,1
DA:4,1
DA:5,1
DA:6,1
DA:7,6
DA:8,6
DA:9,6
DA:10,2
DA:11,2
DA:12,4
DA:13,6
DA:14,1
DA:15,1
DA:16,1
DA:17,1
DA:18,3
DA:19,6
DA:20,1
DA:21,1
DA:22,2
DA:23,6
DA:24,1
DA:25,1
DA:26,1
DA:27,1
DA:28,1
DA:29,1
DA:30,1
DA:31,1
DA:32,1
DA:33,1
DA:34,1
DA:35,1
DA:36,1
DA:37,1
DA:38,1
DA:39,1
DA:40,1
DA:41,1
DA:42,1
LF:42
LH:42
BRDA:7,0,0,6
BRDA:9,1,0,5
BRDA:9,2,0,2
BRDA:11,3,0,4
BRDA:13,4,0,1
BRDA:17,5,0,3
BRDA:19,6,0,1
BRDA:21,7,0,2
BRDA:23,8,0,1
BRDA:23,9,0,3
BRDA:27,10,0,1
BRDA:32,11,0,1
BRDA:35,12,0,2
BRF:13
BRH:13
end_of_record
